= Host-specific information ====================================================
$> hostname; uname -msr
c2r3s6.42lausanne.ch
Linux 6.6.72-x64v3-t2-jammy-xanmod1 x86_64
$> date
Thu Jul 17 09:50:19 AM CEST 2025

= User files collection ========================================================
Collecting user files from Vogsphere
Repository URL: git@vogsphere.42lausanne.ch:vogsphere-practice/vwalker_practice_practice-exam_09h35m48s.git

= Git history ==================================================================
$> git -C /tmp/tmp4bozwg3i/user log --pretty='%H - %an, %ad : %s'
d6187df711dcf87045390ed0012e9b54a938a4eb - The GOAT from billionairs.com, Thu Jul 17 09:50:06 2025 +0200 : Init
 
= Collected files ==========================================
$> ls -lAR /tmp/tmp4bozwg3i/user
/tmp/tmp4bozwg3i/user:
total 8
drwxr-xr-x 2 root root 4096 Jul 17 09:50 aff_c
-rw-r--r-- 1 root root  278 Jul 17 09:50 __GIT_HISTORY

/tmp/tmp4bozwg3i/user/aff_c:
total 20
-rw-r--r-- 1 root root  1064 Jul 17 09:50 aff_c.c
-rwxr-xr-x 1 root root 15952 Jul 17 09:50 a.out
 
= aff_c ========================================================================
$> cc -Wextra -Wall -Werror aff_c.c -o user_exe 
aff_c.c:26:14: error: unused parameter 'argc' [-Werror,-Wunused-parameter]
int     main(int argc, char **argv)
                 ^
aff_c.c:26:27: error: unused parameter 'argv' [-Werror,-Wunused-parameter]
int     main(int argc, char **argv)
                              ^
2 errors generated.

Could not compile 'user_exe'
Grade: 0

= Final grade: 0 ===============================================================
