= Host-specific information ====================================================
$> hostname; uname -msr
c2r7s4.42lausanne.ch
Linux 6.6.72-x64v3-t2-jammy-xanmod1 x86_64
$> date
Thu Jul 17 10:07:27 AM CEST 2025

= User files collection ========================================================
Collecting user files from Vogsphere
Repository URL: git@vogsphere.42lausanne.ch:vogsphere-practice/vwalker_practice_practice-exam_09h35m48s.git

= Git history ==================================================================
$> git -C /tmp/tmpgq2eejpo/user log --pretty='%H - %an, %ad : %s'
65d28c442dd3b963d51bd6d36a0d3c128bf18160 - The GOAT from billionairs.com, Thu Jul 17 10:07:20 2025 +0200 : Init
d6187df711dcf87045390ed0012e9b54a938a4eb - The GOAT from billionairs.com, Thu Jul 17 09:50:06 2025 +0200 : Init
 
= Collected files ==========================================
$> ls -lAR /tmp/tmpgq2eejpo/user
/tmp/tmpgq2eejpo/user:
total 8
drwxr-xr-x 2 root root 4096 Jul 17 10:07 aff_c
-rw-r--r-- 1 root root  610 Jul 17 10:07 __GIT_HISTORY

/tmp/tmpgq2eejpo/user/aff_c:
total 24
-rw-r--r-- 1 root root  1437 Jul 17 10:07 aff_c.c
-rwxr-xr-x 1 root root 15952 Jul 17 10:07 a.out
-rw-r--r-- 1 root root   263 Jul 17 10:07 test
 
= aff_c ========================================================================
$> cc -Wextra -Wall -Werror aff_c.c -o user_exe 

= Test 1 ===================================================
$> ./9xlpmr55j5azsqyu9z14j0v1 
$> diff -U 3 user_output_test1 test1.output | cat -e

Diff OK :D
= Test 2 ===================================================
$> ./n915j7rfsnprmdh7gufrho77 "tqhsu" "tgZ1AJIhaX" "2blvxrDS0wZ" "c7ZWkp0zNGMnQl8" "weCS" "9yw4j3uAHPUnthTo" "o8xAdBD4kaM" "ehEL41Q" "9Rg" "QBTntPL3G" "bCx" "4L8ndwv2IS" "8JpIeBCo105XYqi" "aDPmnCt9" "mBulU" "jJNUbWf3CuQ0x" "FIajmV1x" "1EzFQ"
$> diff -U 3 user_output_test2 test2.output | cat -e

Diff OK :D
= Test 3 ===================================================
$> ./6f0zaf496b282lijp3k6dl3s "wEcVerov"
$> diff -U 3 user_output_test3 test3.output | cat -e

Diff OK :D
= Test 4 ===================================================
$> ./pwwbo857shs6plaklc4po4s7 "QxtWDjcBAXF3"
$> diff -U 3 user_output_test4 test4.output | cat -e

Diff OK :D
= Test 5 ===================================================
$> ./w00e9u5v1vsm8itruegra55m "O0FfMHnbTZiKYC"
$> diff -U 3 user_output_test5 test5.output | cat -e

Diff OK :D
= Test 6 ===================================================
$> ./321tp05mr1i2ju9y2mtm2ekg "4An0b6"
$> diff -U 3 user_output_test6 test6.output | cat -e

Diff OK :D
Grade: 1

= Final grade: 1 ===============================================================
