= Host-specific information ====================================================
$> hostname; uname -msr
c2r1s1.42lausanne.ch
Linux 6.6.72-x64v3-t2-jammy-xanmod1 x86_64
$> date
Thu Jul 17 10:40:22 AM CEST 2025

= User files collection ========================================================
Collecting user files from Vogsphere
Repository URL: git@vogsphere.42lausanne.ch:vogsphere-practice/vwalker_practice_practice-exam_09h35m48s.git

= Git history ==================================================================
$> git -C /tmp/tmp0yl_6vys/user log --pretty='%H - %an, %ad : %s'
42bff98f1132310672f67bb196bf3a4968d95484 - The GOAT from billionairs.com, Thu Jul 17 10:39:39 2025 +0200 : Init3
2fde016135e021338291e769a086157c9e9d3c7e - The GOAT from billionairs.com, Thu Jul 17 10:27:44 2025 +0200 : Init2
2d5abd5fa87c4b663fdb6aca59df22cefd152277 - The GOAT from billionairs.com, Thu Jul 17 10:17:48 2025 +0200 : Init
6c6a7aaa319a0401d534eaea11bc22878095e424 - The GOAT from billionairs.com, Thu Jul 17 10:17:12 2025 +0200 : Init
65d28c442dd3b963d51bd6d36a0d3c128bf18160 - The GOAT from billionairs.com, Thu Jul 17 10:07:20 2025 +0200 : Init
d6187df711dcf87045390ed0012e9b54a938a4eb - The GOAT from billionairs.com, Thu Jul 17 09:50:06 2025 +0200 : Init
 
= Collected files ==========================================
$> ls -lAR /tmp/tmp0yl_6vys/user
/tmp/tmp0yl_6vys/user:
total 12
drwxr-xr-x 2 root root 4096 Jul 17 10:40 aff_c
-rw-r--r-- 1 root root 1715 Jul 17 10:40 __GIT_HISTORY
drwxr-xr-x 2 root root 4096 Jul 17 10:40 rev_print

/tmp/tmp0yl_6vys/user/aff_c:
total 24
-rw-r--r-- 1 root root  1437 Jul 17 10:40 aff_c.c
-rwxr-xr-x 1 root root 15952 Jul 17 10:40 a.out
-rw-r--r-- 1 root root   263 Jul 17 10:40 test

/tmp/tmp0yl_6vys/user/rev_print:
total 20
-rwxr-xr-x 1 root root 15992 Jul 17 10:40 a.out
-rw-r--r-- 1 root root  1149 Jul 17 10:40 rev_print.c
 
= rev_print ====================================================================
$> cc -Wextra -Wall -Werror main.c rev_print.c -o user_exe 

= Test 1 ===================================================
$> ./gszx6utrzry5w7i2qim539oa 
$> diff -U 3 user_output_test1 test1.output | cat -e
Binary files user_output_test1 and test1.output differ$

Diff KO :(
Grade: 0

= Final grade: 0 ===============================================================
