= Host-specific information ====================================================
$> hostname; uname -msr
c2r6s1.42lausanne.ch
Linux 6.6.72-x64v3-t2-jammy-xanmod1 x86_64
$> date
Thu Jul 17 12:24:25 PM CEST 2025

= User files collection ========================================================
Collecting user files from Vogsphere
Repository URL: git@vogsphere.42lausanne.ch:vogsphere-practice/vwalker_practice_practice-exam_09h35m48s.git

= Git history ==================================================================
$> git -C /tmp/tmpfkm__b1r/user log --pretty='%H - %an, %ad : %s'
dc4e06b33c2514f5f210a734178bb91bc65f1c3e - The GOAT from billionairs.com, Thu Jul 17 12:24:17 2025 +0200 : Init5
27f5bb12f14238ca87c0dd237b08124f3143e9a8 - The GOAT from billionairs.com, Thu Jul 17 10:44:13 2025 +0200 : Init5
81d20ee246eaee33c30448eea568eac6f7b12801 - The GOAT from billionairs.com, Thu Jul 17 10:43:16 2025 +0200 : Init4
42bff98f1132310672f67bb196bf3a4968d95484 - The GOAT from billionairs.com, Thu Jul 17 10:39:39 2025 +0200 : Init3
2fde016135e021338291e769a086157c9e9d3c7e - The GOAT from billionairs.com, Thu Jul 17 10:27:44 2025 +0200 : Init2
2d5abd5fa87c4b663fdb6aca59df22cefd152277 - The GOAT from billionairs.com, Thu Jul 17 10:17:48 2025 +0200 : Init
6c6a7aaa319a0401d534eaea11bc22878095e424 - The GOAT from billionairs.com, Thu Jul 17 10:17:12 2025 +0200 : Init
65d28c442dd3b963d51bd6d36a0d3c128bf18160 - The GOAT from billionairs.com, Thu Jul 17 10:07:20 2025 +0200 : Init
d6187df711dcf87045390ed0012e9b54a938a4eb - The GOAT from billionairs.com, Thu Jul 17 09:50:06 2025 +0200 : Init
 
= Collected files ==========================================
$> ls -lAR /tmp/tmpfkm__b1r/user
/tmp/tmpfkm__b1r/user:
total 16
drwxr-xr-x 2 root root 4096 Jul 17 12:24 aff_c
-rw-r--r-- 1 root root 2580 Jul 17 12:24 __GIT_HISTORY
drwxr-xr-x 2 root root 4096 Jul 17 12:24 rev_print
drwxr-xr-x 2 root root 4096 Jul 17 12:24 rot_13

/tmp/tmpfkm__b1r/user/aff_c:
total 24
-rw-r--r-- 1 root root  1437 Jul 17 12:24 aff_c.c
-rwxr-xr-x 1 root root 15952 Jul 17 12:24 a.out
-rw-r--r-- 1 root root   263 Jul 17 12:24 test

/tmp/tmpfkm__b1r/user/rev_print:
total 20
-rwxr-xr-x 1 root root 15992 Jul 17 12:24 a.out
-rw-r--r-- 1 root root  1153 Jul 17 12:24 rev_print.c

/tmp/tmpfkm__b1r/user/rot_13:
total 20
-rwxr-xr-x 1 root root 16080 Jul 17 12:24 a.out
-rw-r--r-- 1 root root  2875 Jul 17 12:24 rot_13.c
 
= rot_13 =======================================================================
$> cc -Wextra -Wall -Werror rot_13.c -o user_exe 

= Test 1 ===================================================
$> ./d4iiy4bd0w2xvxazg3y6nny0 
$> diff -U 3 user_output_test1 test1.output | cat -e
--- user_output_test1	2025-07-17 10:24:26.417613535 +0000$
+++ test1.output	2025-07-17 10:24:26.329610259 +0000$
@@ -1 +1 @@$
-Segmentation fault (core dumped)$
+$

Diff KO :(
Grade: 0

= Final grade: 0 ===============================================================
