= Host-specific information ====================================================
$> hostname; uname -msr
c2r5s8.42lausanne.ch
Linux 6.6.72-x64v3-t2-jammy-xanmod1 x86_64
$> date
Thu Jul 17 12:30:40 PM CEST 2025

= User files collection ========================================================
Collecting user files from Vogsphere
Repository URL: git@vogsphere.42lausanne.ch:vogsphere-practice/vwalker_practice_practice-exam_09h35m48s.git

= Git history ==================================================================
$> git -C /tmp/tmpnykx7fej/user log --pretty='%H - %an, %ad : %s'
22bf1e170693aea64d8331eb78f2223c1304ed77 - The GOAT from billionairs.com, Thu Jul 17 12:28:14 2025 +0200 : Init5
dc4e06b33c2514f5f210a734178bb91bc65f1c3e - The GOAT from billionairs.com, Thu Jul 17 12:24:17 2025 +0200 : Init5
27f5bb12f14238ca87c0dd237b08124f3143e9a8 - The GOAT from billionairs.com, Thu Jul 17 10:44:13 2025 +0200 : Init5
81d20ee246eaee33c30448eea568eac6f7b12801 - The GOAT from billionairs.com, Thu Jul 17 10:43:16 2025 +0200 : Init4
42bff98f1132310672f67bb196bf3a4968d95484 - The GOAT from billionairs.com, Thu Jul 17 10:39:39 2025 +0200 : Init3
2fde016135e021338291e769a086157c9e9d3c7e - The GOAT from billionairs.com, Thu Jul 17 10:27:44 2025 +0200 : Init2
2d5abd5fa87c4b663fdb6aca59df22cefd152277 - The GOAT from billionairs.com, Thu Jul 17 10:17:48 2025 +0200 : Init
6c6a7aaa319a0401d534eaea11bc22878095e424 - The GOAT from billionairs.com, Thu Jul 17 10:17:12 2025 +0200 : Init
65d28c442dd3b963d51bd6d36a0d3c128bf18160 - The GOAT from billionairs.com, Thu Jul 17 10:07:20 2025 +0200 : Init
d6187df711dcf87045390ed0012e9b54a938a4eb - The GOAT from billionairs.com, Thu Jul 17 09:50:06 2025 +0200 : Init
 
= Collected files ==========================================
$> ls -lAR /tmp/tmpnykx7fej/user
/tmp/tmpnykx7fej/user:
total 16
drwxr-xr-x 2 root root 4096 Jul 17 12:30 aff_c
-rw-r--r-- 1 root root 2870 Jul 17 12:30 __GIT_HISTORY
drwxr-xr-x 2 root root 4096 Jul 17 12:30 rev_print
drwxr-xr-x 2 root root 4096 Jul 17 12:30 rot_13

/tmp/tmpnykx7fej/user/aff_c:
total 24
-rw-r--r-- 1 root root  1437 Jul 17 12:30 aff_c.c
-rwxr-xr-x 1 root root 15952 Jul 17 12:30 a.out
-rw-r--r-- 1 root root   263 Jul 17 12:30 test

/tmp/tmpnykx7fej/user/rev_print:
total 20
-rwxr-xr-x 1 root root 15992 Jul 17 12:30 a.out
-rw-r--r-- 1 root root  1153 Jul 17 12:30 rev_print.c

/tmp/tmpnykx7fej/user/rot_13:
total 20
-rwxr-xr-x 1 root root 16080 Jul 17 12:30 a.out
-rw-r--r-- 1 root root  2944 Jul 17 12:30 rot_13.c
 
= rot_13 =======================================================================
$> cc -Wextra -Wall -Werror rot_13.c -o user_exe 

= Test 1 ===================================================
$> ./0wosf9e7mbqfgik0uodpaq93 
$> diff -U 3 user_output_test1 test1.output | cat -e

Diff OK :D
= Test 2 ===================================================
$> ./bf4d0tzwufwmov6cwepajku0 "yWTI1C9DdrVA"
$> diff -U 3 user_output_test2 test2.output | cat -e

Diff OK :D
= Test 3 ===================================================
$> ./e2vl45lml127ok9v59oizpgp "XGwdYxIqeyKLujJU"
$> diff -U 3 user_output_test3 test3.output | cat -e

Diff OK :D
= Test 4 ===================================================
$> ./0l9j4du4vj5qyql7zj2j4q1e "nFyHYqus"
$> diff -U 3 user_output_test4 test4.output | cat -e

Diff OK :D
= Test 5 ===================================================
$> ./o8fveo95w2defipuivc46j4f "NR9Dv4jVLzB1pUQ 8ckvnT2SE CptLIXBSe t0NKv wsZVauhvYpojk856g NRVWJMLTpOKv"
$> diff -U 3 user_output_test5 test5.output | cat -e

Diff OK :D
= Test 6 ===================================================
$> ./y2mvn54ev5c2rosnyyqv3wxp "XVmbkQrlYv9wMW4C BUIQK30feH6k ACgXO5L7eVv6pt cFjWoaNyR lF3pWX2R5C QWk5ft9jxJHDAnY3 wgjazI605ROC"
$> diff -U 3 user_output_test6 test6.output | cat -e

Diff OK :D
= Test 7 ===================================================
$> ./k423vam1pscsmv7oosjgslr8 "so2kC47ME Bn5gDwjvfMp6N 5urStEZlkno2 RGYMezPmhZDwuKL W6f 6jVLoDvgJE5 PFsbBR0L 8b7Ue3OhZdjX9IBYq xwXyoj DaQ1UjA0hwo5LY LZXNqDAOTr6Pguz9"
$> diff -U 3 user_output_test7 test7.output | cat -e

Diff OK :D
= Test 8 ===================================================
$> ./5xh7d9i09g2qjciwo24z80wx "I3URMn7s6grL0" "I7pfWS9VYvn" "veak51cHuA" "wNA3IdZy4" "whbC8JFc"
$> diff -U 3 user_output_test8 test8.output | cat -e
--- user_output_test8	2025-07-17 10:30:41.343787456 +0000$
+++ test8.output	2025-07-17 10:30:41.323786797 +0000$
@@ -1 +1 @@$
-V3HEZa7f6teY0$
+$

Diff KO :(
Grade: 0

= Final grade: 0 ===============================================================
