= Host-specific information ====================================================
$> hostname; uname -msr
c2r6s4.42lausanne.ch
Linux 6.6.72-x64v3-t2-jammy-xanmod1 x86_64
$> date
Wed Jul 16 01:48:46 PM CEST 2025

= User files collection ========================================================
Collecting user files from Vogsphere
Repository URL: git@vogsphere.42lausanne.ch:vogsphere-practice/vwalker_practice_practice-exam_13h33m34s.git

= Git history ==================================================================
$> git -C /tmp/tmpcrngpfmp/user log --pretty='%H - %an, %ad : %s'
9b46c69a2151897f1dc0350662de61a3f217a5d2 - The GOAT from billionairs.com, Wed Jul 16 13:40:17 2025 +0200 : init:
 
= Collected files ==========================================
$> ls -lAR /tmp/tmpcrngpfmp/user
/tmp/tmpcrngpfmp/user:
total 8
-rw-r--r-- 1 root root  278 Jul 16 13:48 __GIT_HISTORY
drwxr-xr-x 2 root root 4096 Jul 16 13:48 only_z

/tmp/tmpcrngpfmp/user/only_z:
total 20
-rwxr-xr-x 1 root root 15960 Jul 16 13:48 a.out
-rw-r--r-- 1 root root  1014 Jul 16 13:48 only_z.c
 
= only_z =======================================================================
$> cc -Wextra -Wall -Werror only_z.c -o user_exe 

= Test 1 ===================================================
$> ./snbe2u4aatzr9qipkeh3c8lt 
$> diff -U 3 user_output_test1 test1.output | cat -e

Diff OK :D
Grade: 1

= Final grade: 1 ===============================================================
