= Host-specific information ====================================================
$> hostname; uname -msr
c2r8s10.42lausanne.ch
Linux 6.6.72-x64v3-t2-jammy-xanmod1 x86_64
$> date
Wed Jul 16 01:52:26 PM CEST 2025

= User files collection ========================================================
Collecting user files from Vogsphere
Repository URL: git@vogsphere.42lausanne.ch:vogsphere-practice/vwalker_practice_practice-exam_13h33m34s.git

= Git history ==================================================================
$> git -C /tmp/tmpampu3ev7/user log --pretty='%H - %an, %ad : %s'
d51770fb6baa7a646a498fe8c68ded915d3cee6d - The GOAT from billionairs.com, Wed Jul 16 13:52:18 2025 +0200 : init
9b46c69a2151897f1dc0350662de61a3f217a5d2 - The GOAT from billionairs.com, Wed Jul 16 13:40:17 2025 +0200 : init:
 
= Collected files ==========================================
$> ls -lAR /tmp/tmpampu3ev7/user
/tmp/tmpampu3ev7/user:
total 12
-rw-r--r-- 1 root root  553 Jul 16 13:52 __GIT_HISTORY
drwxr-xr-x 2 root root 4096 Jul 16 13:52 hello
drwxr-xr-x 2 root root 4096 Jul 16 13:52 only_z

/tmp/tmpampu3ev7/user/hello:
total 20
-rwxr-xr-x 1 root root 15960 Jul 16 13:52 a.out
-rw-r--r-- 1 root root  1057 Jul 16 13:52 hello.c

/tmp/tmpampu3ev7/user/only_z:
total 20
-rwxr-xr-x 1 root root 15960 Jul 16 13:52 a.out
-rw-r--r-- 1 root root  1014 Jul 16 13:52 only_z.c
 
= hello ========================================================================
$> cc -Wextra -Wall -Werror hello.c -o user_exe 

= Test 1 ===================================================
$> ./qb1h29qauuzjcsuzftjtwr7t test1.prm
$> diff -U 3 user_output_test1 test1.output | cat -e
Binary files user_output_test1 and test1.output differ$

Diff KO :(
Grade: 0

= Final grade: 0 ===============================================================
