= Host-specific information ====================================================
$> hostname; uname -msr
c2r9s3.42lausanne.ch
Linux 6.6.72-x64v3-t2-jammy-xanmod1 x86_64
$> date
Wed Jul 16 01:58:30 PM CEST 2025

= User files collection ========================================================
Collecting user files from Vogsphere
Repository URL: git@vogsphere.42lausanne.ch:vogsphere-practice/vwalker_practice_practice-exam_13h33m34s.git

= Git history ==================================================================
$> git -C /tmp/tmplw64s_0l/user log --pretty='%H - %an, %ad : %s'
0b868f3090059f290b6a20230b21f6f48beea4b3 - The GOAT from billionairs.com, Wed Jul 16 13:56:43 2025 +0200 : init
d51770fb6baa7a646a498fe8c68ded915d3cee6d - The GOAT from billionairs.com, Wed Jul 16 13:52:18 2025 +0200 : init
9b46c69a2151897f1dc0350662de61a3f217a5d2 - The GOAT from billionairs.com, Wed Jul 16 13:40:17 2025 +0200 : init:
 
= Collected files ==========================================
$> ls -lAR /tmp/tmplw64s_0l/user
/tmp/tmplw64s_0l/user:
total 12
-rw-r--r-- 1 root root  832 Jul 16 13:58 __GIT_HISTORY
drwxr-xr-x 2 root root 4096 Jul 16 13:58 hello
drwxr-xr-x 2 root root 4096 Jul 16 13:58 only_z

/tmp/tmplw64s_0l/user/hello:
total 20
-rwxr-xr-x 1 root root 15960 Jul 16 13:58 a.out
-rw-r--r-- 1 root root  1106 Jul 16 13:58 hello.c

/tmp/tmplw64s_0l/user/only_z:
total 20
-rwxr-xr-x 1 root root 15960 Jul 16 13:58 a.out
-rw-r--r-- 1 root root  1014 Jul 16 13:58 only_z.c
 
= hello ========================================================================
$> cc -Wextra -Wall -Werror hello.c -o user_exe 

= Test 1 ===================================================
$> ./pwdjc1uv3loj7milslq9vwuf test1.prm
$> diff -U 3 user_output_test1 test1.output | cat -e

Diff OK :D
Grade: 1

= Final grade: 1 ===============================================================
