= Host-specific information ====================================================
$> hostname; uname -msr
c2r1s2.42lausanne.ch
Linux 6.6.72-x64v3-t2-jammy-xanmod1 x86_64
$> date
Wed Jul 16 02:04:59 PM CEST 2025

= User files collection ========================================================
Collecting user files from Vogsphere
Repository URL: git@vogsphere.42lausanne.ch:vogsphere-practice/vwalker_practice_practice-exam_13h33m34s.git

= Git history ==================================================================
$> git -C /tmp/tmpkhojwnrb/user log --pretty='%H - %an, %ad : %s'
050484a9d7db8e89ede96411a606349f625ca73c - The GOAT from billionairs.com, Wed Jul 16 14:04:52 2025 +0200 : Init
c3640716bb1d16107fba0857ed77449ae1c6a3b6 - The GOAT from billionairs.com, Wed Jul 16 14:01:28 2025 +0200 : wq f
0b868f3090059f290b6a20230b21f6f48beea4b3 - The GOAT from billionairs.com, Wed Jul 16 13:56:43 2025 +0200 : init
d51770fb6baa7a646a498fe8c68ded915d3cee6d - The GOAT from billionairs.com, Wed Jul 16 13:52:18 2025 +0200 : init
9b46c69a2151897f1dc0350662de61a3f217a5d2 - The GOAT from billionairs.com, Wed Jul 16 13:40:17 2025 +0200 : init:
 
= Collected files ==========================================
$> ls -lAR /tmp/tmpkhojwnrb/user
/tmp/tmpkhojwnrb/user:
total 16
-rw-r--r-- 1 root root 1400 Jul 16 14:04 __GIT_HISTORY
drwxr-xr-x 2 root root 4096 Jul 16 14:04 hello
drwxr-xr-x 2 root root 4096 Jul 16 14:04 maff_alpha
drwxr-xr-x 2 root root 4096 Jul 16 14:04 only_z

/tmp/tmpkhojwnrb/user/hello:
total 20
-rwxr-xr-x 1 root root 15960 Jul 16 14:04 a.out
-rw-r--r-- 1 root root  1106 Jul 16 14:04 hello.c

/tmp/tmpkhojwnrb/user/maff_alpha:
total 20
-rwxr-xr-x 1 root root 15960 Jul 16 14:04 a.out
-rw-r--r-- 1 root root  1092 Jul 16 14:04 maff_alpha.c

/tmp/tmpkhojwnrb/user/only_z:
total 20
-rwxr-xr-x 1 root root 15960 Jul 16 14:04 a.out
-rw-r--r-- 1 root root  1014 Jul 16 14:04 only_z.c
 
= maff_alpha ===================================================================
$> cc -Wextra -Wall -Werror maff_alpha.c -o user_exe 

= Test 1 ===================================================
$> ./duejxgyhse5ae8ovplr2ngoh test1.prm
$> diff -U 3 user_output_test1 test1.output | cat -e

Diff OK :D
Grade: 1

= Final grade: 1 ===============================================================
