= Host-specific information ====================================================
$> hostname; uname -msr
c2r8s5.42lausanne.ch
Linux 6.6.72-x64v3-t2-jammy-xanmod1 x86_64
$> date
Wed Jul 16 02:34:20 PM CEST 2025

= User files collection ========================================================
Collecting user files from Vogsphere
Repository URL: git@vogsphere.42lausanne.ch:vogsphere-practice/vwalker_practice_practice-exam_13h33m34s.git

= Git history ==================================================================
$> git -C /tmp/tmpm040zhs1/user log --pretty='%H - %an, %ad : %s'
4e67d65e8a48fc385f1198375680d81e5d774a4c - The GOAT from billionairs.com, Wed Jul 16 14:26:23 2025 +0200 : Init
cc18e3abac7561fcbbf33d6f7e14d9f9e384f64f - The GOAT from billionairs.com, Wed Jul 16 14:25:04 2025 +0200 : Init
d69ffd3b9116d8d1230699973cd4f54cc12d3696 - The GOAT from billionairs.com, Wed Jul 16 14:14:05 2025 +0200 : Init
050484a9d7db8e89ede96411a606349f625ca73c - The GOAT from billionairs.com, Wed Jul 16 14:04:52 2025 +0200 : Init
c3640716bb1d16107fba0857ed77449ae1c6a3b6 - The GOAT from billionairs.com, Wed Jul 16 14:01:28 2025 +0200 : wq f
0b868f3090059f290b6a20230b21f6f48beea4b3 - The GOAT from billionairs.com, Wed Jul 16 13:56:43 2025 +0200 : init
d51770fb6baa7a646a498fe8c68ded915d3cee6d - The GOAT from billionairs.com, Wed Jul 16 13:52:18 2025 +0200 : init
9b46c69a2151897f1dc0350662de61a3f217a5d2 - The GOAT from billionairs.com, Wed Jul 16 13:40:17 2025 +0200 : init:
 
= Collected files ==========================================
$> ls -lAR /tmp/tmpm040zhs1/user
/tmp/tmpm040zhs1/user:
total 20
drwxr-xr-x 2 root root 4096 Jul 16 14:34 ft_mul
-rw-r--r-- 1 root root 2175 Jul 16 14:34 __GIT_HISTORY
drwxr-xr-x 2 root root 4096 Jul 16 14:34 hello
drwxr-xr-x 2 root root 4096 Jul 16 14:34 maff_alpha
drwxr-xr-x 2 root root 4096 Jul 16 14:34 only_z

/tmp/tmpm040zhs1/user/ft_mul:
total 4
-rw-r--r-- 1 root root 953 Jul 16 14:34 ft_mul.c

/tmp/tmpm040zhs1/user/hello:
total 20
-rwxr-xr-x 1 root root 15960 Jul 16 14:34 a.out
-rw-r--r-- 1 root root  1106 Jul 16 14:34 hello.c

/tmp/tmpm040zhs1/user/maff_alpha:
total 20
-rwxr-xr-x 1 root root 15960 Jul 16 14:34 a.out
-rw-r--r-- 1 root root  1092 Jul 16 14:34 maff_alpha.c

/tmp/tmpm040zhs1/user/only_z:
total 20
-rwxr-xr-x 1 root root 15960 Jul 16 14:34 a.out
-rw-r--r-- 1 root root  1014 Jul 16 14:34 only_z.c
 
= ft_mul =======================================================================
$> cc -Wextra -Wall -Werror main.c ft_mul.c -o user_exe 

= Test 1 ===================================================
$> ./vdn2irqehl8wyib7h9f9qk2k "5107" "4189"
$> diff -U 3 user_output_test1 test1.output | cat -e

Diff OK :D
= Test 2 ===================================================
$> ./bsm8sezljof94o45vwd6jhyv "-2236" "8932"
$> diff -U 3 user_output_test2 test2.output | cat -e

Diff OK :D
= Test 3 ===================================================
$> ./5droci223ydaqeha1ri09784 "-8480" "-1118"
$> diff -U 3 user_output_test3 test3.output | cat -e

Diff OK :D
= Test 4 ===================================================
$> ./oec8vuz74j1lsqrligcxt1fc "-3892" "7045"
$> diff -U 3 user_output_test4 test4.output | cat -e

Diff OK :D
= Test 5 ===================================================
$> ./4a3xg5hgumoxfdb1vmhg6zi6 "1965" "796"
$> diff -U 3 user_output_test5 test5.output | cat -e

Diff OK :D
= Test 6 ===================================================
$> ./tbtnomnuau4jmba313v9qgk6 "377" "5358"
$> diff -U 3 user_output_test6 test6.output | cat -e

Diff OK :D
= Test 7 ===================================================
$> ./rpllyenqzfr8zqkfm8b12hnm "-3135" "4141"
$> diff -U 3 user_output_test7 test7.output | cat -e

Diff OK :D
= Test 8 ===================================================
$> ./jllh5izfhdvnjdvmrd0d2tvh "-5129" "-3145"
$> diff -U 3 user_output_test8 test8.output | cat -e

Diff OK :D
= Test 9 ===================================================
$> ./5vfllgea2661spap0297h498 "9845" "-4917"
$> diff -U 3 user_output_test9 test9.output | cat -e

Diff OK :D
Grade: 1

= Final grade: 1 ===============================================================
