= Host-specific information ====================================================
$> hostname; uname -msr
c2r2s2.42lausanne.ch
Linux 6.6.72-x64v3-t2-jammy-xanmod1 x86_64
$> date
Wed Jul 16 02:40:57 PM CEST 2025

= User files collection ========================================================
Collecting user files from Vogsphere
Repository URL: git@vogsphere.42lausanne.ch:vogsphere-practice/vwalker_practice_practice-exam_13h33m34s.git

= Git history ==================================================================
$> git -C /tmp/tmpd6_dwpfj/user log --pretty='%H - %an, %ad : %s'
b82dda6308e944aeeba5931c14c4fef9764014e0 - The GOAT from billionairs.com, Wed Jul 16 14:40:48 2025 +0200 : Init
31526f735b949fa937740bcbd6a903d1c76a8467 - The GOAT from billionairs.com, Wed Jul 16 14:37:37 2025 +0200 : Init
4e67d65e8a48fc385f1198375680d81e5d774a4c - The GOAT from billionairs.com, Wed Jul 16 14:26:23 2025 +0200 : Init
cc18e3abac7561fcbbf33d6f7e14d9f9e384f64f - The GOAT from billionairs.com, Wed Jul 16 14:25:04 2025 +0200 : Init
d69ffd3b9116d8d1230699973cd4f54cc12d3696 - The GOAT from billionairs.com, Wed Jul 16 14:14:05 2025 +0200 : Init
050484a9d7db8e89ede96411a606349f625ca73c - The GOAT from billionairs.com, Wed Jul 16 14:04:52 2025 +0200 : Init
c3640716bb1d16107fba0857ed77449ae1c6a3b6 - The GOAT from billionairs.com, Wed Jul 16 14:01:28 2025 +0200 : wq f
0b868f3090059f290b6a20230b21f6f48beea4b3 - The GOAT from billionairs.com, Wed Jul 16 13:56:43 2025 +0200 : init
d51770fb6baa7a646a498fe8c68ded915d3cee6d - The GOAT from billionairs.com, Wed Jul 16 13:52:18 2025 +0200 : init
9b46c69a2151897f1dc0350662de61a3f217a5d2 - The GOAT from billionairs.com, Wed Jul 16 13:40:17 2025 +0200 : init:
 
= Collected files ==========================================
$> ls -lAR /tmp/tmpd6_dwpfj/user
/tmp/tmpd6_dwpfj/user:
total 28
drwxr-xr-x 2 root root 4096 Jul 16 14:40 ft_mul
drwxr-xr-x 2 root root 4096 Jul 16 14:40 ft_putstr
-rw-r--r-- 1 root root 2655 Jul 16 14:40 __GIT_HISTORY
drwxr-xr-x 2 root root 4096 Jul 16 14:40 hello
drwxr-xr-x 2 root root 4096 Jul 16 14:40 maff_alpha
drwxr-xr-x 2 root root 4096 Jul 16 14:40 occ_a
drwxr-xr-x 2 root root 4096 Jul 16 14:40 only_z

/tmp/tmpd6_dwpfj/user/ft_mul:
total 4
-rw-r--r-- 1 root root 953 Jul 16 14:40 ft_mul.c

/tmp/tmpd6_dwpfj/user/ft_putstr:
total 4
-rw-r--r-- 1 root root 1013 Jul 16 14:40 ft_putstr.c

/tmp/tmpd6_dwpfj/user/hello:
total 20
-rwxr-xr-x 1 root root 15960 Jul 16 14:40 a.out
-rw-r--r-- 1 root root  1106 Jul 16 14:40 hello.c

/tmp/tmpd6_dwpfj/user/maff_alpha:
total 20
-rwxr-xr-x 1 root root 15960 Jul 16 14:40 a.out
-rw-r--r-- 1 root root  1092 Jul 16 14:40 maff_alpha.c

/tmp/tmpd6_dwpfj/user/occ_a:
total 4
-rw-r--r-- 1 root root 1057 Jul 16 14:40 occ_a.c

/tmp/tmpd6_dwpfj/user/only_z:
total 20
-rwxr-xr-x 1 root root 15960 Jul 16 14:40 a.out
-rw-r--r-- 1 root root  1014 Jul 16 14:40 only_z.c
 
= occ_a ========================================================================
$> cc -Wextra -Wall -Werror main.c occ_a.c -o user_exe 

= Test 1 ===================================================
$> ./150vphlo6aelsspr4h3ng2hp ""
$> diff -U 3 user_output_test1 test1.output | cat -e

Diff OK :D
= Test 2 ===================================================
$> ./fy7lmor7skf0iv5ya7puepuz "               "
$> diff -U 3 user_output_test2 test2.output | cat -e

Diff OK :D
= Test 3 ===================================================
$> ./ysipp9oo5psktkg2eseijphj "A"
$> diff -U 3 user_output_test3 test3.output | cat -e

Diff OK :D
= Test 4 ===================================================
$> ./jzpmi6zfxe2fbxeazv6qj25p PpXUSZFYv64o5D
$> diff -U 3 user_output_test4 test4.output | cat -e

Diff OK :D
= Test 5 ===================================================
$> ./nwhvhm6ar3fh1pyi28oip0ta 09uQKHtJ
$> diff -U 3 user_output_test5 test5.output | cat -e

Diff OK :D
= Test 6 ===================================================
$> ./4bt946pd3pj89p4uu3mjwjj5 HBauGNWE
$> diff -U 3 user_output_test6 test6.output | cat -e

Diff OK :D
= Test 7 ===================================================
$> ./awzwirfy9nbdhjm5bqx145g9 "syKLPvcq 7KlQTwVNFr1 2iVBtK90qrQhv7a8A Fmq8sYZLgSojGDz 70Ie5dE2yo4kMQ lgoL grvpGY8QRm pjX2u BalYV6QcIRCo l5akVGFr3cA eQlK9ukpNMV j3eRXW B7FJmuMan jEK eImEtg28Vd uZHArJ175QXE8 A4OJK1LXBGENW QHsVGDkPdKTWv"
$> diff -U 3 user_output_test7 test7.output | cat -e

Diff OK :D
= Test 8 ===================================================
$> ./6z269uou4em3uxxtamryvjrl "ViZ3ueOc xIdTt2jkBXpwN9o KOdwgSsoAQkz f4G TMqY4vCy5KRf FgXOZWAx1RJ sX3N27PL lgMNX6Y PCX8OiT6ta7N3F MUVtZnbEgTY0mr BFaVZWQsA3uUdxDL KPiN3e7XEo68 MqDL96uFJgo iaytxspjV 4wCf 9jbhQEtTnzUgMl"
$> diff -U 3 user_output_test8 test8.output | cat -e

Diff OK :D
= Test 9 ===================================================
$> ./jg09x0k43qf25gpyhmlym0hr "wGjVvenk730UP oyFnC5fplLKN olSJf 0muw diy51nTD2Ga8rk0W"
$> diff -U 3 user_output_test9 test9.output | cat -e

Diff OK :D
= Test 10 ==================================================
$> ./mre2myr7xlztrbain2a2vmws "pTnS EfsJWgd3M1h h8A0QdXOfwGNeiWL5 bfdQ exmQS4Ttl OjSrau IURXMgjLDu YA0szN ufKxn 1bIjZDLoJ0Ey3ASa xbNugcHIQXOai"
$> diff -U 3 user_output_test10 test10.output | cat -e

Diff OK :D
Grade: 1

= Final grade: 1 ===============================================================
