= Host-specific information ====================================================
$> hostname; uname -msr
c2r1s5.42lausanne.ch
Linux 6.6.72-x64v3-t2-jammy-xanmod1 x86_64
$> date
Wed Jul 16 05:05:22 PM CEST 2025

= User files collection ========================================================
Collecting user files from Vogsphere
Repository URL: git@vogsphere.42lausanne.ch:vogsphere-practice/vwalker_practice_practice-exam_13h33m34s.git

= Git history ==================================================================
$> git -C /tmp/tmpr6_k_8y7/user log --pretty='%H - %an, %ad : %s'
e51b4a1cc9c487b2c86c99cb925fe9461212be9f - The GOAT from billionairs.com, Wed Jul 16 17:05:14 2025 +0200 : Init
87279ed19c3279e51c66f9619df4cfa36d62efa4 - The GOAT from billionairs.com, Wed Jul 16 16:59:06 2025 +0200 : Init
c4c829d2cadf4cda3bfa6099bc4dd5f6023c3385 - The GOAT from billionairs.com, Wed Jul 16 16:53:24 2025 +0200 : Init
b82dda6308e944aeeba5931c14c4fef9764014e0 - The GOAT from billionairs.com, Wed Jul 16 14:40:48 2025 +0200 : Init
31526f735b949fa937740bcbd6a903d1c76a8467 - The GOAT from billionairs.com, Wed Jul 16 14:37:37 2025 +0200 : Init
4e67d65e8a48fc385f1198375680d81e5d774a4c - The GOAT from billionairs.com, Wed Jul 16 14:26:23 2025 +0200 : Init
cc18e3abac7561fcbbf33d6f7e14d9f9e384f64f - The GOAT from billionairs.com, Wed Jul 16 14:25:04 2025 +0200 : Init
d69ffd3b9116d8d1230699973cd4f54cc12d3696 - The GOAT from billionairs.com, Wed Jul 16 14:14:05 2025 +0200 : Init
050484a9d7db8e89ede96411a606349f625ca73c - The GOAT from billionairs.com, Wed Jul 16 14:04:52 2025 +0200 : Init
c3640716bb1d16107fba0857ed77449ae1c6a3b6 - The GOAT from billionairs.com, Wed Jul 16 14:01:28 2025 +0200 : wq f
0b868f3090059f290b6a20230b21f6f48beea4b3 - The GOAT from billionairs.com, Wed Jul 16 13:56:43 2025 +0200 : init
d51770fb6baa7a646a498fe8c68ded915d3cee6d - The GOAT from billionairs.com, Wed Jul 16 13:52:18 2025 +0200 : init
9b46c69a2151897f1dc0350662de61a3f217a5d2 - The GOAT from billionairs.com, Wed Jul 16 13:40:17 2025 +0200 : init:
 
= Collected files ==========================================
$> ls -lAR /tmp/tmpr6_k_8y7/user
/tmp/tmpr6_k_8y7/user:
total 36
drwxr-xr-x 2 root root 4096 Jul 16 17:05 ft_mul
drwxr-xr-x 2 root root 4096 Jul 16 17:05 ft_putstr
drwxr-xr-x 2 root root 4096 Jul 16 17:05 ft_strcpy
-rw-r--r-- 1 root root 3402 Jul 16 17:05 __GIT_HISTORY
drwxr-xr-x 2 root root 4096 Jul 16 17:05 hello
drwxr-xr-x 2 root root 4096 Jul 16 17:05 maff_alpha
drwxr-xr-x 2 root root 4096 Jul 16 17:05 occ_a
drwxr-xr-x 2 root root 4096 Jul 16 17:05 only_z
drwxr-xr-x 2 root root 4096 Jul 16 17:05 swap_cases

/tmp/tmpr6_k_8y7/user/ft_mul:
total 4
-rw-r--r-- 1 root root 953 Jul 16 17:05 ft_mul.c

/tmp/tmpr6_k_8y7/user/ft_putstr:
total 4
-rw-r--r-- 1 root root 1013 Jul 16 17:05 ft_putstr.c

/tmp/tmpr6_k_8y7/user/ft_strcpy:
total 4
-rw-r--r-- 1 root root 1016 Jul 16 17:05 ft_strcpy.c

/tmp/tmpr6_k_8y7/user/hello:
total 20
-rwxr-xr-x 1 root root 15960 Jul 16 17:05 a.out
-rw-r--r-- 1 root root  1106 Jul 16 17:05 hello.c

/tmp/tmpr6_k_8y7/user/maff_alpha:
total 20
-rwxr-xr-x 1 root root 15960 Jul 16 17:05 a.out
-rw-r--r-- 1 root root  1092 Jul 16 17:05 maff_alpha.c

/tmp/tmpr6_k_8y7/user/occ_a:
total 4
-rw-r--r-- 1 root root 1057 Jul 16 17:05 occ_a.c

/tmp/tmpr6_k_8y7/user/only_z:
total 20
-rwxr-xr-x 1 root root 15960 Jul 16 17:05 a.out
-rw-r--r-- 1 root root  1014 Jul 16 17:05 only_z.c

/tmp/tmpr6_k_8y7/user/swap_cases:
total 4
-rw-r--r-- 1 root root 1660 Jul 16 17:05 swap_cases.c
 
= ft_strcpy ====================================================================
$> cc -Wextra -Wall -Werror main.c ft_strcpy.c -o user_exe 

= Test 1 ===================================================
$> ./w8xkue9p7955ibutcu0cr20m ""
$> diff -U 3 user_output_test1 test1.output | cat -e

Diff OK :D
= Test 2 ===================================================
$> ./ynz42m3bilk7i7ttyfkcb3xh "I4sV"
Command './ynz42m3bilk7i7ttyfkcb3xh "I4sV"' timed out after 10 seconds
Test 2 timed out
Grade: 0

= Final grade: 0 ===============================================================
