= Host-specific information ====================================================
$> hostname; uname -msr
c2r4s4.42lausanne.ch
Linux 6.6.72-x64v3-t2-jammy-xanmod1 x86_64
$> date
Wed Jul 16 05:19:21 PM CEST 2025

= User files collection ========================================================
Collecting user files from Vogsphere
Repository URL: git@vogsphere.42lausanne.ch:vogsphere-practice/vwalker_practice_practice-exam_13h33m34s.git

= Git history ==================================================================
$> git -C /tmp/tmpqjgkp33t/user log --pretty='%H - %an, %ad : %s'
79fbcbbb41af2cdf92ddee44debf416224e96086 - The GOAT from billionairs.com, Wed Jul 16 17:19:12 2025 +0200 : Init
33247698836fbd3a26e7f5ec28e685d60dcf09b4 - The GOAT from billionairs.com, Wed Jul 16 17:06:28 2025 +0200 : Init
e51b4a1cc9c487b2c86c99cb925fe9461212be9f - The GOAT from billionairs.com, Wed Jul 16 17:05:14 2025 +0200 : Init
87279ed19c3279e51c66f9619df4cfa36d62efa4 - The GOAT from billionairs.com, Wed Jul 16 16:59:06 2025 +0200 : Init
c4c829d2cadf4cda3bfa6099bc4dd5f6023c3385 - The GOAT from billionairs.com, Wed Jul 16 16:53:24 2025 +0200 : Init
b82dda6308e944aeeba5931c14c4fef9764014e0 - The GOAT from billionairs.com, Wed Jul 16 14:40:48 2025 +0200 : Init
31526f735b949fa937740bcbd6a903d1c76a8467 - The GOAT from billionairs.com, Wed Jul 16 14:37:37 2025 +0200 : Init
4e67d65e8a48fc385f1198375680d81e5d774a4c - The GOAT from billionairs.com, Wed Jul 16 14:26:23 2025 +0200 : Init
cc18e3abac7561fcbbf33d6f7e14d9f9e384f64f - The GOAT from billionairs.com, Wed Jul 16 14:25:04 2025 +0200 : Init
d69ffd3b9116d8d1230699973cd4f54cc12d3696 - The GOAT from billionairs.com, Wed Jul 16 14:14:05 2025 +0200 : Init
050484a9d7db8e89ede96411a606349f625ca73c - The GOAT from billionairs.com, Wed Jul 16 14:04:52 2025 +0200 : Init
c3640716bb1d16107fba0857ed77449ae1c6a3b6 - The GOAT from billionairs.com, Wed Jul 16 14:01:28 2025 +0200 : wq f
0b868f3090059f290b6a20230b21f6f48beea4b3 - The GOAT from billionairs.com, Wed Jul 16 13:56:43 2025 +0200 : init
d51770fb6baa7a646a498fe8c68ded915d3cee6d - The GOAT from billionairs.com, Wed Jul 16 13:52:18 2025 +0200 : init
9b46c69a2151897f1dc0350662de61a3f217a5d2 - The GOAT from billionairs.com, Wed Jul 16 13:40:17 2025 +0200 : init:
 
= Collected files ==========================================
$> ls -lAR /tmp/tmpqjgkp33t/user
/tmp/tmpqjgkp33t/user:
total 40
drwxr-xr-x 2 root root 4096 Jul 16 17:19 ft_mul
drwxr-xr-x 2 root root 4096 Jul 16 17:19 ft_putstr
drwxr-xr-x 2 root root 4096 Jul 16 17:19 ft_strcmp
drwxr-xr-x 2 root root 4096 Jul 16 17:19 ft_strcpy
-rw-r--r-- 1 root root 3881 Jul 16 17:19 __GIT_HISTORY
drwxr-xr-x 2 root root 4096 Jul 16 17:19 hello
drwxr-xr-x 2 root root 4096 Jul 16 17:19 maff_alpha
drwxr-xr-x 2 root root 4096 Jul 16 17:19 occ_a
drwxr-xr-x 2 root root 4096 Jul 16 17:19 only_z
drwxr-xr-x 2 root root 4096 Jul 16 17:19 swap_cases

/tmp/tmpqjgkp33t/user/ft_mul:
total 4
-rw-r--r-- 1 root root 953 Jul 16 17:19 ft_mul.c

/tmp/tmpqjgkp33t/user/ft_putstr:
total 4
-rw-r--r-- 1 root root 1013 Jul 16 17:19 ft_putstr.c

/tmp/tmpqjgkp33t/user/ft_strcmp:
total 4
-rw-r--r-- 1 root root 1066 Jul 16 17:19 ft_strcmp.c

/tmp/tmpqjgkp33t/user/ft_strcpy:
total 4
-rw-r--r-- 1 root root 1023 Jul 16 17:19 ft_strcpy.c

/tmp/tmpqjgkp33t/user/hello:
total 20
-rwxr-xr-x 1 root root 15960 Jul 16 17:19 a.out
-rw-r--r-- 1 root root  1106 Jul 16 17:19 hello.c

/tmp/tmpqjgkp33t/user/maff_alpha:
total 20
-rwxr-xr-x 1 root root 15960 Jul 16 17:19 a.out
-rw-r--r-- 1 root root  1092 Jul 16 17:19 maff_alpha.c

/tmp/tmpqjgkp33t/user/occ_a:
total 4
-rw-r--r-- 1 root root 1057 Jul 16 17:19 occ_a.c

/tmp/tmpqjgkp33t/user/only_z:
total 20
-rwxr-xr-x 1 root root 15960 Jul 16 17:19 a.out
-rw-r--r-- 1 root root  1014 Jul 16 17:19 only_z.c

/tmp/tmpqjgkp33t/user/swap_cases:
total 4
-rw-r--r-- 1 root root 1660 Jul 16 17:19 swap_cases.c
 
= ft_strcmp ====================================================================
$> cc -Wextra -Wall -Werror ft_strcmp.c main.c -o user_exe 

= Test 1 ===================================================
$> ./4rtijp6bkogvkbzjgwzz9mcy 
$> diff -U 3 user_output_test1 test1.output | cat -e

Diff OK :D
= Test 2 ===================================================
$> ./mnrculhvjew1esfft8kvzmyj "salut a tous tout le monde"
$> diff -U 3 user_output_test2 test2.output | cat -e

Diff OK :D
= Test 3 ===================================================
$> ./hr5inu8j1vtexc8bw82sr8o9 "salut" "a" "tous" "tout" "le" "monde"
$> diff -U 3 user_output_test3 test3.output | cat -e

Diff OK :D
= Test 4 ===================================================
$> ./d59qqx3r7que1xyx42eqydga "a" "ab"
$> diff -U 3 user_output_test4 test4.output | cat -e
--- user_output_test4	2025-07-16 15:19:22.530111851 +0000$
+++ test4.output	2025-07-16 15:19:22.514111344 +0000$
@@ -1 +1 @@$
-0$
\ No newline at end of file$
+-1$
\ No newline at end of file$

Diff KO :(
Grade: 0

= Final grade: 0 ===============================================================
