= Host-specific information ====================================================
$> hostname; uname -msr
c2r9s10.42lausanne.ch
Linux 6.6.72-x64v3-t2-jammy-xanmod1 x86_64
$> date
Wed Jul 16 05:25:24 PM CEST 2025

= User files collection ========================================================
Collecting user files from Vogsphere
Repository URL: git@vogsphere.42lausanne.ch:vogsphere-practice/vwalker_practice_practice-exam_13h33m34s.git

= Git history ==================================================================
$> git -C /tmp/tmpdr8ceq95/user log --pretty='%H - %an, %ad : %s'
4a8aa4058597096e4c7751eff4e8bbd76e5ddcea - The GOAT from billionairs.com, Wed Jul 16 17:22:17 2025 +0200 : Init
79fbcbbb41af2cdf92ddee44debf416224e96086 - The GOAT from billionairs.com, Wed Jul 16 17:19:12 2025 +0200 : Init
33247698836fbd3a26e7f5ec28e685d60dcf09b4 - The GOAT from billionairs.com, Wed Jul 16 17:06:28 2025 +0200 : Init
e51b4a1cc9c487b2c86c99cb925fe9461212be9f - The GOAT from billionairs.com, Wed Jul 16 17:05:14 2025 +0200 : Init
87279ed19c3279e51c66f9619df4cfa36d62efa4 - The GOAT from billionairs.com, Wed Jul 16 16:59:06 2025 +0200 : Init
c4c829d2cadf4cda3bfa6099bc4dd5f6023c3385 - The GOAT from billionairs.com, Wed Jul 16 16:53:24 2025 +0200 : Init
b82dda6308e944aeeba5931c14c4fef9764014e0 - The GOAT from billionairs.com, Wed Jul 16 14:40:48 2025 +0200 : Init
31526f735b949fa937740bcbd6a903d1c76a8467 - The GOAT from billionairs.com, Wed Jul 16 14:37:37 2025 +0200 : Init
4e67d65e8a48fc385f1198375680d81e5d774a4c - The GOAT from billionairs.com, Wed Jul 16 14:26:23 2025 +0200 : Init
cc18e3abac7561fcbbf33d6f7e14d9f9e384f64f - The GOAT from billionairs.com, Wed Jul 16 14:25:04 2025 +0200 : Init
d69ffd3b9116d8d1230699973cd4f54cc12d3696 - The GOAT from billionairs.com, Wed Jul 16 14:14:05 2025 +0200 : Init
050484a9d7db8e89ede96411a606349f625ca73c - The GOAT from billionairs.com, Wed Jul 16 14:04:52 2025 +0200 : Init
c3640716bb1d16107fba0857ed77449ae1c6a3b6 - The GOAT from billionairs.com, Wed Jul 16 14:01:28 2025 +0200 : wq f
0b868f3090059f290b6a20230b21f6f48beea4b3 - The GOAT from billionairs.com, Wed Jul 16 13:56:43 2025 +0200 : init
d51770fb6baa7a646a498fe8c68ded915d3cee6d - The GOAT from billionairs.com, Wed Jul 16 13:52:18 2025 +0200 : init
9b46c69a2151897f1dc0350662de61a3f217a5d2 - The GOAT from billionairs.com, Wed Jul 16 13:40:17 2025 +0200 : init:
 
= Collected files ==========================================
$> ls -lAR /tmp/tmpdr8ceq95/user
/tmp/tmpdr8ceq95/user:
total 44
drwxr-xr-x 2 root root 4096 Jul 16 17:25 ft_mul
drwxr-xr-x 2 root root 4096 Jul 16 17:25 ft_putstr
drwxr-xr-x 2 root root 4096 Jul 16 17:25 ft_strcmp
drwxr-xr-x 2 root root 4096 Jul 16 17:25 ft_strcpy
-rw-r--r-- 1 root root 4119 Jul 16 17:25 __GIT_HISTORY
drwxr-xr-x 2 root root 4096 Jul 16 17:25 hello
drwxr-xr-x 2 root root 4096 Jul 16 17:25 maff_alpha
drwxr-xr-x 2 root root 4096 Jul 16 17:25 occ_a
drwxr-xr-x 2 root root 4096 Jul 16 17:25 only_z
drwxr-xr-x 2 root root 4096 Jul 16 17:25 swap_cases

/tmp/tmpdr8ceq95/user/ft_mul:
total 4
-rw-r--r-- 1 root root 953 Jul 16 17:25 ft_mul.c

/tmp/tmpdr8ceq95/user/ft_putstr:
total 4
-rw-r--r-- 1 root root 1013 Jul 16 17:25 ft_putstr.c

/tmp/tmpdr8ceq95/user/ft_strcmp:
total 4
-rw-r--r-- 1 root root 1107 Jul 16 17:25 ft_strcmp.c

/tmp/tmpdr8ceq95/user/ft_strcpy:
total 4
-rw-r--r-- 1 root root 1023 Jul 16 17:25 ft_strcpy.c

/tmp/tmpdr8ceq95/user/hello:
total 20
-rwxr-xr-x 1 root root 15960 Jul 16 17:25 a.out
-rw-r--r-- 1 root root  1106 Jul 16 17:25 hello.c

/tmp/tmpdr8ceq95/user/maff_alpha:
total 20
-rwxr-xr-x 1 root root 15960 Jul 16 17:25 a.out
-rw-r--r-- 1 root root  1092 Jul 16 17:25 maff_alpha.c

/tmp/tmpdr8ceq95/user/occ_a:
total 4
-rw-r--r-- 1 root root 1057 Jul 16 17:25 occ_a.c

/tmp/tmpdr8ceq95/user/only_z:
total 20
-rwxr-xr-x 1 root root 15960 Jul 16 17:25 a.out
-rw-r--r-- 1 root root  1014 Jul 16 17:25 only_z.c

/tmp/tmpdr8ceq95/user/swap_cases:
total 4
-rw-r--r-- 1 root root 1660 Jul 16 17:25 swap_cases.c
 
= ft_strcmp ====================================================================
$> cc -Wextra -Wall -Werror ft_strcmp.c main.c -o user_exe 

= Test 1 ===================================================
$> ./1fll3on37ilsrpe1qfbt7tgx 
$> diff -U 3 user_output_test1 test1.output | cat -e

Diff OK :D
= Test 2 ===================================================
$> ./nxmm2eotiq50kyw66pvg18ay "salut a tous tout le monde"
$> diff -U 3 user_output_test2 test2.output | cat -e

Diff OK :D
= Test 3 ===================================================
$> ./yw16dnu1fdxk8facn2q8xhmv "salut" "a" "tous" "tout" "le" "monde"
$> diff -U 3 user_output_test3 test3.output | cat -e

Diff OK :D
= Test 4 ===================================================
$> ./olr7kgx0ukmd660zj6u5l75z "a" "ab"
$> diff -U 3 user_output_test4 test4.output | cat -e

Diff OK :D
= Test 5 ===================================================
$> ./aj4tiw4777yzmaeyio1ugy0u "" ""
$> diff -U 3 user_output_test5 test5.output | cat -e

Diff OK :D
= Test 6 ===================================================
$> ./smj6z2rdcfz1xg3eh1ienafy "LxTd" ""
$> diff -U 3 user_output_test6 test6.output | cat -e

Diff OK :D
= Test 7 ===================================================
$> ./1kd27vqwc3ojwmt8ahyjphf9 "PCIjRhDVfmTJ8Q" "PCIjRhDVfmTJ8Q"
$> diff -U 3 user_output_test7 test7.output | cat -e

Diff OK :D
= Test 8 ===================================================
$> ./nzffyz4yloyv2wlwj739uylu "UAS4BG7vQ" ""
$> diff -U 3 user_output_test8 test8.output | cat -e

Diff OK :D
= Test 9 ===================================================
$> ./xntvv1se58sojl2emtg99ixx "0y56lzMF8k472" "0y56lzMF8k472"
$> diff -U 3 user_output_test9 test9.output | cat -e

Diff OK :D
= Test 10 ==================================================
$> ./1stvxga4igicomyek47ydwfy "QncOg7XsfUV" "QncOg7XsfUV"
$> diff -U 3 user_output_test10 test10.output | cat -e

Diff OK :D
= Test 11 ==================================================
$> ./lyinxngxzgei7v7hwphbccfl "4CuPFldo7aE" "Zop"
$> diff -U 3 user_output_test11 test11.output | cat -e

Diff OK :D
= Test 12 ==================================================
$> ./wndtdz6z2d69n4k875fieiyr "MX35eNyVxK6rF" "7wMPv"
$> diff -U 3 user_output_test12 test12.output | cat -e

Diff OK :D
= Test 13 ==================================================
$> ./fgohj5qsba9cqotkl19r7pdc "dobu9fkEq" "4sophLX"
$> diff -U 3 user_output_test13 test13.output | cat -e

Diff OK :D
= Test 14 ==================================================
$> ./mloffwf6nfcnpqm10hwdf9u6 "o5DvLSPf" "wT4JNBX9HZhc"
$> diff -U 3 user_output_test14 test14.output | cat -e

Diff OK :D
= Test 15 ==================================================
$> ./nj6nc07hzjqdpsb8773vc6wk "MVWAqc" ""
$> diff -U 3 user_output_test15 test15.output | cat -e

Diff OK :D
= Test 16 ==================================================
$> ./hvws0y71o9lb7xpjo91ykgph "uygzUrdB7TFG6" ""
$> diff -U 3 user_output_test16 test16.output | cat -e

Diff OK :D
= Test 17 ==================================================
$> ./xnpkw405ysrov3j4wlzzzkfi "45Zgz" "45Zgz"
$> diff -U 3 user_output_test17 test17.output | cat -e

Diff OK :D
= Test 18 ==================================================
$> ./ptimkjbgeupln4l7qhpdswnx "EVF2y3X6B0h4ZAGMT" "PFpWqyHToBzDMG"
$> diff -U 3 user_output_test18 test18.output | cat -e

Diff OK :D
= Test 19 ==================================================
$> ./391a8ibgyy913jhluqr4o0o8 "Y5yEadFb2Kl" ""
$> diff -U 3 user_output_test19 test19.output | cat -e

Diff OK :D
= Test 20 ==================================================
$> ./ypsc7paek1fa6aojooqdt2tt "ByoEpwOTHxZUAc" "ByoEpwOTHxZUAc"
$> diff -U 3 user_output_test20 test20.output | cat -e

Diff OK :D
Grade: 1

= Final grade: 1 ===============================================================
